This is pdfTeX, Version 3.14159265-2.6-1.40.15 (TeX Live 2014/W32TeX) (preloaded format=pdflatex 2014.12.23)  6 JUN 2015 12:44
entering extended mode
 restricted \write18 enabled.
 %&-line parsing enabled.
**thesis.tex -recorder
(./thesis.tex
LaTeX2e <2014/05/01>
Babel <3.9l> and hyphenation patterns for 79 languages loaded.
(c:/texlive/2014/texmf-dist/tex/latex/base/report.cls
Document Class: report 2014/09/29 v1.4h Standard LaTeX document class
(c:/texlive/2014/texmf-dist/tex/latex/base/size12.clo
File: size12.clo 2014/09/29 v1.4h Standard LaTeX file (size option)
)
\c@part=\count79
\c@chapter=\count80
\c@section=\count81
\c@subsection=\count82
\c@subsubsection=\count83
\c@paragraph=\count84
\c@subparagraph=\count85
\c@figure=\count86
\c@table=\count87
\abovecaptionskip=\skip41
\belowcaptionskip=\skip42
\bibindent=\dimen102
)
(c:/texlive/2014/texmf-dist/tex/latex/geometry/geometry.sty
Package: geometry 2010/09/12 v5.6 Page Geometry

(c:/texlive/2014/texmf-dist/tex/latex/graphics/keyval.sty
Package: keyval 2014/10/28 v1.15 key=value parser (DPC)
\KV@toks@=\toks14
)
(c:/texlive/2014/texmf-dist/tex/generic/oberdiek/ifpdf.sty
Package: ifpdf 2011/01/30 v2.3 Provides the ifpdf switch (HO)
Package ifpdf Info: pdfTeX in PDF mode is detected.
)
(c:/texlive/2014/texmf-dist/tex/generic/oberdiek/ifvtex.sty
Package: ifvtex 2010/03/01 v1.5 Detect VTeX and its facilities (HO)
Package ifvtex Info: VTeX not detected.
)
(c:/texlive/2014/texmf-dist/tex/generic/ifxetex/ifxetex.sty
Package: ifxetex 2010/09/12 v0.6 Provides ifxetex conditional
)
\Gm@cnth=\count88
\Gm@cntv=\count89
\c@Gm@tempcnt=\count90
\Gm@bindingoffset=\dimen103
\Gm@wd@mp=\dimen104
\Gm@odd@mp=\dimen105
\Gm@even@mp=\dimen106
\Gm@layoutwidth=\dimen107
\Gm@layoutheight=\dimen108
\Gm@layouthoffset=\dimen109
\Gm@layoutvoffset=\dimen110
\Gm@dimlist=\toks15
)
(c:/texlive/2014/texmf-dist/tex/latex/preprint/fullpage.sty
Package: fullpage 1999/02/23 1.1 (PWD)
\FP@margin=\skip43
)
(c:/texlive/2014/texmf-dist/tex/latex/amsmath/amsmath.sty
Package: amsmath 2013/01/14 v2.14 AMS math features
\@mathmargin=\skip44

For additional information on amsmath, use the `?' option.
(c:/texlive/2014/texmf-dist/tex/latex/amsmath/amstext.sty
Package: amstext 2000/06/29 v2.01

(c:/texlive/2014/texmf-dist/tex/latex/amsmath/amsgen.sty
File: amsgen.sty 1999/11/30 v2.0
\@emptytoks=\toks16
\ex@=\dimen111
))
(c:/texlive/2014/texmf-dist/tex/latex/amsmath/amsbsy.sty
Package: amsbsy 1999/11/29 v1.2d
\pmbraise@=\dimen112
)
(c:/texlive/2014/texmf-dist/tex/latex/amsmath/amsopn.sty
Package: amsopn 1999/12/14 v2.01 operator names
)
\inf@bad=\count91
LaTeX Info: Redefining \frac on input line 210.
\uproot@=\count92
\leftroot@=\count93
LaTeX Info: Redefining \overline on input line 306.
\classnum@=\count94
\DOTSCASE@=\count95
LaTeX Info: Redefining \ldots on input line 378.
LaTeX Info: Redefining \dots on input line 381.
LaTeX Info: Redefining \cdots on input line 466.
\Mathstrutbox@=\box26
\strutbox@=\box27
\big@size=\dimen113
LaTeX Font Info:    Redeclaring font encoding OML on input line 566.
LaTeX Font Info:    Redeclaring font encoding OMS on input line 567.
\macc@depth=\count96
\c@MaxMatrixCols=\count97
\dotsspace@=\muskip10
\c@parentequation=\count98
\dspbrk@lvl=\count99
\tag@help=\toks17
\row@=\count100
\column@=\count101
\maxfields@=\count102
\andhelp@=\toks18
\eqnshift@=\dimen114
\alignsep@=\dimen115
\tagshift@=\dimen116
\tagwidth@=\dimen117
\totwidth@=\dimen118
\lineht@=\dimen119
\@envbody=\toks19
\multlinegap=\skip45
\multlinetaggap=\skip46
\mathdisplay@stack=\toks20
LaTeX Info: Redefining \[ on input line 2665.
LaTeX Info: Redefining \] on input line 2666.
)
(c:/texlive/2014/texmf-dist/tex/latex/fancyhdr/fancyhdr.sty
\fancy@headwidth=\skip47
\f@ncyO@elh=\skip48
\f@ncyO@erh=\skip49
\f@ncyO@olh=\skip50
\f@ncyO@orh=\skip51
\f@ncyO@elf=\skip52
\f@ncyO@erf=\skip53
\f@ncyO@olf=\skip54
\f@ncyO@orf=\skip55
)
(c:/texlive/2014/texmf-dist/tex/latex/lastpage/lastpage.sty
Package: lastpage 2013/01/28 v1.2l Refers to last page's name (HMM; JPG)
)
(c:/texlive/2014/texmf-dist/tex/latex/graphics/graphicx.sty
Package: graphicx 2014/10/28 v1.0g Enhanced LaTeX Graphics (DPC,SPQR)

(c:/texlive/2014/texmf-dist/tex/latex/graphics/graphics.sty
Package: graphics 2014/10/28 v1.0p Standard LaTeX Graphics (DPC,SPQR)

(c:/texlive/2014/texmf-dist/tex/latex/graphics/trig.sty
Package: trig 1999/03/16 v1.09 sin cos tan (DPC)
)
(c:/texlive/2014/texmf-dist/tex/latex/latexconfig/graphics.cfg
File: graphics.cfg 2010/04/23 v1.9 graphics configuration of TeX Live
)
Package graphics Info: Driver file: pdftex.def on input line 91.

(c:/texlive/2014/texmf-dist/tex/latex/pdftex-def/pdftex.def
File: pdftex.def 2011/05/27 v0.06d Graphics/color for pdfTeX

(c:/texlive/2014/texmf-dist/tex/generic/oberdiek/infwarerr.sty
Package: infwarerr 2010/04/08 v1.3 Providing info/warning/error messages (HO)
)
(c:/texlive/2014/texmf-dist/tex/generic/oberdiek/ltxcmds.sty
Package: ltxcmds 2011/11/09 v1.22 LaTeX kernel commands for general use (HO)
)
\Gread@gobject=\count103
))
\Gin@req@height=\dimen120
\Gin@req@width=\dimen121
)
(c:/texlive/2014/texmf-dist/tex/latex/wrapfig/wrapfig.sty
\wrapoverhang=\dimen122
\WF@size=\dimen123
\c@WF@wrappedlines=\count104
\WF@box=\box28
\WF@everypar=\toks21
Package: wrapfig 2003/01/31  v 3.6
)
(c:/texlive/2014/texmf-dist/tex/latex/setspace/setspace.sty
Package: setspace 2011/12/19 v6.7a set line spacing
)
(c:/texlive/2014/texmf-dist/tex/latex/booktabs/booktabs.sty
Package: booktabs 2005/04/14 v1.61803 publication quality tables
\heavyrulewidth=\dimen124
\lightrulewidth=\dimen125
\cmidrulewidth=\dimen126
\belowrulesep=\dimen127
\belowbottomsep=\dimen128
\aboverulesep=\dimen129
\abovetopsep=\dimen130
\cmidrulesep=\dimen131
\cmidrulekern=\dimen132
\defaultaddspace=\dimen133
\@cmidla=\count105
\@cmidlb=\count106
\@aboverulesep=\dimen134
\@belowrulesep=\dimen135
\@thisruleclass=\count107
\@lastruleclass=\count108
\@thisrulewidth=\dimen136
)
(c:/texlive/2014/texmf-dist/tex/latex/caption/caption.sty
Package: caption 2013/05/02 v3.3-89 Customizing captions (AR)

(c:/texlive/2014/texmf-dist/tex/latex/caption/caption3.sty
Package: caption3 2013/05/02 v1.6-88 caption3 kernel (AR)
Package caption3 Info: TeX engine: e-TeX on input line 57.
\captionmargin=\dimen137
\captionmargin@=\dimen138
\captionwidth=\dimen139
\caption@tempdima=\dimen140
\caption@indent=\dimen141
\caption@parindent=\dimen142
\caption@hangindent=\dimen143
)
\c@ContinuedFloat=\count109
Package caption Info: wrapfig package is loaded.
)
(c:/texlive/2014/texmf-dist/tex/latex/fourier/fourier.sty
Package: fourier 2005/01/01 1.4 fourier-GUTenberg package

(c:/texlive/2014/texmf-dist/tex/latex/base/fontenc.sty
Package: fontenc 2005/09/27 v1.99g Standard LaTeX package

(c:/texlive/2014/texmf-dist/tex/latex/base/t1enc.def
File: t1enc.def 2005/09/27 v1.99g Standard LaTeX file
LaTeX Font Info:    Redeclaring font encoding T1 on input line 43.
))
(c:/texlive/2014/texmf-dist/tex/latex/base/textcomp.sty
Package: textcomp 2005/09/27 v1.99g Standard LaTeX package
Package textcomp Info: Sub-encoding information:
(textcomp)               5 = only ISO-Adobe without \textcurrency
(textcomp)               4 = 5 + \texteuro
(textcomp)               3 = 4 + \textohm
(textcomp)               2 = 3 + \textestimated + \textcurrency
(textcomp)               1 = TS1 - \textcircled - \t
(textcomp)               0 = TS1 (full)
(textcomp)             Font families with sub-encoding setting implement
(textcomp)             only a restricted character set as indicated.
(textcomp)             Family '?' is the default used for unknown fonts.
(textcomp)             See the documentation for details.
Package textcomp Info: Setting ? sub-encoding to TS1/1 on input line 71.

(c:/texlive/2014/texmf-dist/tex/latex/base/ts1enc.def
File: ts1enc.def 2001/06/05 v3.0e (jk/car/fm) Standard LaTeX file
)
LaTeX Info: Redefining \oldstylenums on input line 266.
Package textcomp Info: Setting cmr sub-encoding to TS1/0 on input line 281.
Package textcomp Info: Setting cmss sub-encoding to TS1/0 on input line 282.
Package textcomp Info: Setting cmtt sub-encoding to TS1/0 on input line 283.
Package textcomp Info: Setting cmvtt sub-encoding to TS1/0 on input line 284.
Package textcomp Info: Setting cmbr sub-encoding to TS1/0 on input line 285.
Package textcomp Info: Setting cmtl sub-encoding to TS1/0 on input line 286.
Package textcomp Info: Setting ccr sub-encoding to TS1/0 on input line 287.
Package textcomp Info: Setting ptm sub-encoding to TS1/4 on input line 288.
Package textcomp Info: Setting pcr sub-encoding to TS1/4 on input line 289.
Package textcomp Info: Setting phv sub-encoding to TS1/4 on input line 290.
Package textcomp Info: Setting ppl sub-encoding to TS1/3 on input line 291.
Package textcomp Info: Setting pag sub-encoding to TS1/4 on input line 292.
Package textcomp Info: Setting pbk sub-encoding to TS1/4 on input line 293.
Package textcomp Info: Setting pnc sub-encoding to TS1/4 on input line 294.
Package textcomp Info: Setting pzc sub-encoding to TS1/4 on input line 295.
Package textcomp Info: Setting bch sub-encoding to TS1/4 on input line 296.
Package textcomp Info: Setting put sub-encoding to TS1/5 on input line 297.
Package textcomp Info: Setting uag sub-encoding to TS1/5 on input line 298.
Package textcomp Info: Setting ugq sub-encoding to TS1/5 on input line 299.
Package textcomp Info: Setting ul8 sub-encoding to TS1/4 on input line 300.
Package textcomp Info: Setting ul9 sub-encoding to TS1/4 on input line 301.
Package textcomp Info: Setting augie sub-encoding to TS1/5 on input line 302.
Package textcomp Info: Setting dayrom sub-encoding to TS1/3 on input line 303.
Package textcomp Info: Setting dayroms sub-encoding to TS1/3 on input line 304.

Package textcomp Info: Setting pxr sub-encoding to TS1/0 on input line 305.
Package textcomp Info: Setting pxss sub-encoding to TS1/0 on input line 306.
Package textcomp Info: Setting pxtt sub-encoding to TS1/0 on input line 307.
Package textcomp Info: Setting txr sub-encoding to TS1/0 on input line 308.
Package textcomp Info: Setting txss sub-encoding to TS1/0 on input line 309.
Package textcomp Info: Setting txtt sub-encoding to TS1/0 on input line 310.
Package textcomp Info: Setting lmr sub-encoding to TS1/0 on input line 311.
Package textcomp Info: Setting lmdh sub-encoding to TS1/0 on input line 312.
Package textcomp Info: Setting lmss sub-encoding to TS1/0 on input line 313.
Package textcomp Info: Setting lmssq sub-encoding to TS1/0 on input line 314.
Package textcomp Info: Setting lmvtt sub-encoding to TS1/0 on input line 315.
Package textcomp Info: Setting qhv sub-encoding to TS1/0 on input line 316.
Package textcomp Info: Setting qag sub-encoding to TS1/0 on input line 317.
Package textcomp Info: Setting qbk sub-encoding to TS1/0 on input line 318.
Package textcomp Info: Setting qcr sub-encoding to TS1/0 on input line 319.
Package textcomp Info: Setting qcs sub-encoding to TS1/0 on input line 320.
Package textcomp Info: Setting qpl sub-encoding to TS1/0 on input line 321.
Package textcomp Info: Setting qtm sub-encoding to TS1/0 on input line 322.
Package textcomp Info: Setting qzc sub-encoding to TS1/0 on input line 323.
Package textcomp Info: Setting qhvc sub-encoding to TS1/0 on input line 324.
Package textcomp Info: Setting futs sub-encoding to TS1/4 on input line 325.
Package textcomp Info: Setting futx sub-encoding to TS1/4 on input line 326.
Package textcomp Info: Setting futj sub-encoding to TS1/4 on input line 327.
Package textcomp Info: Setting hlh sub-encoding to TS1/3 on input line 328.
Package textcomp Info: Setting hls sub-encoding to TS1/3 on input line 329.
Package textcomp Info: Setting hlst sub-encoding to TS1/3 on input line 330.
Package textcomp Info: Setting hlct sub-encoding to TS1/5 on input line 331.
Package textcomp Info: Setting hlx sub-encoding to TS1/5 on input line 332.
Package textcomp Info: Setting hlce sub-encoding to TS1/5 on input line 333.
Package textcomp Info: Setting hlcn sub-encoding to TS1/5 on input line 334.
Package textcomp Info: Setting hlcw sub-encoding to TS1/5 on input line 335.
Package textcomp Info: Setting hlcf sub-encoding to TS1/5 on input line 336.
Package textcomp Info: Setting pplx sub-encoding to TS1/3 on input line 337.
Package textcomp Info: Setting pplj sub-encoding to TS1/3 on input line 338.
Package textcomp Info: Setting ptmx sub-encoding to TS1/4 on input line 339.
Package textcomp Info: Setting ptmj sub-encoding to TS1/4 on input line 340.
)
(c:/texlive/2014/texmf-dist/tex/latex/fourier/fourier-orns.sty
Package: fourier-orns 2004/01/30 1.1 fourier-ornaments package
)
LaTeX Font Info:    Redeclaring symbol font `operators' on input line 50.
LaTeX Font Info:    Encoding `OT1' has changed to `T1' for symbol font
(Font)              `operators' in the math version `normal' on input line 50.
LaTeX Font Info:    Overwriting symbol font `operators' in version `normal'
(Font)                  OT1/cmr/m/n --> T1/futs/m/n on input line 50.
LaTeX Font Info:    Encoding `OT1' has changed to `T1' for symbol font
(Font)              `operators' in the math version `bold' on input line 50.
LaTeX Font Info:    Overwriting symbol font `operators' in version `bold'
(Font)                  OT1/cmr/bx/n --> T1/futs/m/n on input line 50.
LaTeX Font Info:    Overwriting symbol font `operators' in version `bold'
(Font)                  T1/futs/m/n --> T1/futs/b/n on input line 51.
LaTeX Font Info:    Redeclaring symbol font `letters' on input line 59.
LaTeX Font Info:    Encoding `OML' has changed to `FML' for symbol font
(Font)              `letters' in the math version `normal' on input line 59.
LaTeX Font Info:    Overwriting symbol font `letters' in version `normal'
(Font)                  OML/cmm/m/it --> FML/futmi/m/it on input line 59.
LaTeX Font Info:    Encoding `OML' has changed to `FML' for symbol font
(Font)              `letters' in the math version `bold' on input line 59.
LaTeX Font Info:    Overwriting symbol font `letters' in version `bold'
(Font)                  OML/cmm/b/it --> FML/futmi/m/it on input line 59.
\symotherletters=\mathgroup4
LaTeX Font Info:    Overwriting symbol font `letters' in version `bold'
(Font)                  FML/futmi/m/it --> FML/futmi/b/it on input line 61.
LaTeX Font Info:    Overwriting symbol font `otherletters' in version `bold'
(Font)                  FML/futm/m/it --> FML/futm/b/it on input line 62.
LaTeX Font Info:    Redeclaring math symbol \Gamma on input line 63.
LaTeX Font Info:    Redeclaring math symbol \Delta on input line 64.
LaTeX Font Info:    Redeclaring math symbol \Theta on input line 65.
LaTeX Font Info:    Redeclaring math symbol \Lambda on input line 66.
LaTeX Font Info:    Redeclaring math symbol \Xi on input line 67.
LaTeX Font Info:    Redeclaring math symbol \Pi on input line 68.
LaTeX Font Info:    Redeclaring math symbol \Sigma on input line 69.
LaTeX Font Info:    Redeclaring math symbol \Upsilon on input line 70.
LaTeX Font Info:    Redeclaring math symbol \Phi on input line 71.
LaTeX Font Info:    Redeclaring math symbol \Psi on input line 72.
LaTeX Font Info:    Redeclaring math symbol \Omega on input line 73.
LaTeX Font Info:    Redeclaring symbol font `symbols' on input line 113.
LaTeX Font Info:    Encoding `OMS' has changed to `FMS' for symbol font
(Font)              `symbols' in the math version `normal' on input line 113.
LaTeX Font Info:    Overwriting symbol font `symbols' in version `normal'
(Font)                  OMS/cmsy/m/n --> FMS/futm/m/n on input line 113.
LaTeX Font Info:    Encoding `OMS' has changed to `FMS' for symbol font
(Font)              `symbols' in the math version `bold' on input line 113.
LaTeX Font Info:    Overwriting symbol font `symbols' in version `bold'
(Font)                  OMS/cmsy/b/n --> FMS/futm/m/n on input line 113.
LaTeX Font Info:    Redeclaring symbol font `largesymbols' on input line 114.
LaTeX Font Info:    Encoding `OMX' has changed to `FMX' for symbol font
(Font)              `largesymbols' in the math version `normal' on input line 1
14.
LaTeX Font Info:    Overwriting symbol font `largesymbols' in version `normal'
(Font)                  OMX/cmex/m/n --> FMX/futm/m/n on input line 114.
LaTeX Font Info:    Encoding `OMX' has changed to `FMX' for symbol font
(Font)              `largesymbols' in the math version `bold' on input line 114
.
LaTeX Font Info:    Overwriting symbol font `largesymbols' in version `bold'
(Font)                  OMX/cmex/m/n --> FMX/futm/m/n on input line 114.
LaTeX Font Info:    Redeclaring math alphabet \mathbf on input line 115.
LaTeX Font Info:    Overwriting math alphabet `\mathbf' in version `normal'
(Font)                  OT1/cmr/bx/n --> T1/futs/bx/n on input line 115.
LaTeX Font Info:    Overwriting math alphabet `\mathbf' in version `bold'
(Font)                  OT1/cmr/bx/n --> T1/futs/bx/n on input line 115.
LaTeX Font Info:    Redeclaring math alphabet \mathrm on input line 116.
LaTeX Font Info:    Redeclaring math alphabet \mathit on input line 117.
LaTeX Font Info:    Overwriting math alphabet `\mathit' in version `normal'
(Font)                  OT1/cmr/m/it --> T1/futs/m/it on input line 117.
LaTeX Font Info:    Overwriting math alphabet `\mathit' in version `bold'
(Font)                  OT1/cmr/bx/it --> T1/futs/m/it on input line 117.
LaTeX Font Info:    Redeclaring math alphabet \mathcal on input line 118.
LaTeX Font Info:    Redeclaring math symbol \parallel on input line 134.
LaTeX Font Info:    Redeclaring math symbol \hbar on input line 148.
LaTeX Font Info:    Redeclaring math symbol \varkappa on input line 186.
LaTeX Font Info:    Redeclaring math symbol \varvarrho on input line 187.
LaTeX Font Info:    Redeclaring math delimiter \Vert on input line 210.
LaTeX Font Info:    Redeclaring math delimiter \vert on input line 215.
LaTeX Font Info:    Redeclaring math delimiter \lvert on input line 217.
LaTeX Font Info:    Redeclaring math delimiter \rvert on input line 219.
LaTeX Font Info:    Redeclaring math delimiter \lVert on input line 221.
LaTeX Font Info:    Redeclaring math delimiter \rVert on input line 223.
LaTeX Font Info:    Redeclaring math delimiter \Downarrow on input line 225.
LaTeX Font Info:    Redeclaring math delimiter \backslash on input line 227.
LaTeX Font Info:    Redeclaring math delimiter \rangle on input line 229.
LaTeX Font Info:    Redeclaring math delimiter \langle on input line 231.
LaTeX Font Info:    Redeclaring math delimiter \rbrace on input line 233.
LaTeX Font Info:    Redeclaring math delimiter \lbrace on input line 235.
LaTeX Font Info:    Redeclaring math delimiter \rceil on input line 237.
LaTeX Font Info:    Redeclaring math delimiter \lceil on input line 239.
LaTeX Font Info:    Redeclaring math delimiter \rfloor on input line 241.
LaTeX Font Info:    Redeclaring math delimiter \lfloor on input line 243.
LaTeX Font Info:    Redeclaring math accent \acute on input line 247.
LaTeX Font Info:    Redeclaring math accent \grave on input line 248.
LaTeX Font Info:    Redeclaring math accent \ddot on input line 249.
LaTeX Font Info:    Redeclaring math accent \tilde on input line 250.
LaTeX Font Info:    Redeclaring math accent \bar on input line 251.
LaTeX Font Info:    Redeclaring math accent \breve on input line 252.
LaTeX Font Info:    Redeclaring math accent \check on input line 253.
LaTeX Font Info:    Redeclaring math accent \hat on input line 254.
LaTeX Font Info:    Redeclaring math accent \dot on input line 255.
LaTeX Font Info:    Redeclaring math accent \mathring on input line 256.
\symUfutm=\mathgroup5
)
(c:/texlive/2014/texmf-dist/tex/latex/microtype/microtype.sty
Package: microtype 2013/05/23 v2.5a Micro-typographical refinements (RS)
\MT@toks=\toks22
\MT@count=\count110
LaTeX Info: Redefining \textls on input line 766.
\MT@outer@kern=\dimen144
LaTeX Info: Redefining \textmicrotypecontext on input line 1285.
\MT@listname@count=\count111

(c:/texlive/2014/texmf-dist/tex/latex/microtype/microtype-pdftex.def
File: microtype-pdftex.def 2013/05/23 v2.5a Definitions specific to pdftex (RS)

LaTeX Info: Redefining \lsstyle on input line 915.
LaTeX Info: Redefining \lslig on input line 915.
\MT@outer@space=\skip56
)
Package microtype Info: Loading configuration file microtype.cfg.

(c:/texlive/2014/texmf-dist/tex/latex/microtype/microtype.cfg
File: microtype.cfg 2013/05/23 v2.5a microtype main configuration file (RS)
))
(c:/texlive/2014/texmf-dist/tex/generic/babel/babel.sty
Package: babel 2014/09/25 3.9l The Babel package

(c:/texlive/2014/texmf-dist/tex/generic/babel-english/english.ldf
Language: english 2012/08/20 v3.3p English support from the babel system

(c:/texlive/2014/texmf-dist/tex/generic/babel/babel.def
File: babel.def 2014/09/25 3.9l Babel common definitions
\babel@savecnt=\count112
\U@D=\dimen145
)
\l@canadian = a dialect from \language\l@american 
\l@australian = a dialect from \language\l@british 
\l@newzealand = a dialect from \language\l@british 
))
(c:/texlive/2014/texmf-dist/tex/latex/sectsty/sectsty.sty
Package: sectsty 2002/02/25 v2.0.2 Commands to change all sectional heading sty
les
)
(c:/texlive/2014/texmf-dist/tex/latex/url/url.sty
\Urlmuskip=\muskip11
Package: url 2013/09/16  ver 3.4  Verb mode for urls, etc.
)
(c:/texlive/2014/texmf-dist/tex/latex/lipsum/lipsum.sty
Package: lipsum 2014/07/27 v1.3 150 paragraphs of Lorem Ipsum dummy text
\c@lips@count=\count113
)
(c:/texlive/2014/texmf-dist/tex/latex/siunitx/siunitx.sty
(c:/texlive/2014/texmf-dist/tex/latex/l3kernel/expl3.sty
Package: expl3 2014/11/25 v5471 L3 programming layer (loader) 

(c:/texlive/2014/texmf-dist/tex/latex/l3kernel/expl3-code.tex
Package: expl3 2014/11/25 v5471 L3 programming layer (code) 
L3 Module: l3bootstrap 2014/08/23 v5354 L3 Bootstrap code

(c:/texlive/2014/texmf-dist/tex/latex/etex-pkg/etex.sty
Package: etex 1998/03/26 v2.0 eTeX basic definition package (PEB)
\et@xins=\count114
)
L3 Module: l3names 2014/08/22 v5343 L3 Namespace for primitives
L3 Module: l3basics 2014/08/24 v5364 L3 Basic definitions
L3 Module: l3expan 2014/08/22 v5349 L3 Argument expansion
L3 Module: l3tl 2014/11/19 v5460 L3 Token lists
L3 Module: l3str 2014/08/24 v5368 L3 Strings
L3 Module: l3seq 2014/08/23 v5354 L3 Sequences and stacks
L3 Module: l3int 2014/09/14 v5421 L3 Integers
\c_max_int=\count115
\l_tmpa_int=\count116
\l_tmpb_int=\count117
\g_tmpa_int=\count118
\g_tmpb_int=\count119
L3 Module: l3quark 2014/08/23 v5354 L3 Quarks
L3 Module: l3prg 2014/08/23 v5354 L3 Control structures
\g__prg_map_int=\count120
L3 Module: l3clist 2014/08/23 v5354 L3 Comma separated lists
L3 Module: l3token 2014/09/15 v5422 L3 Experimental token manipulation
L3 Module: l3prop 2014/08/23 v5354 L3 Property lists
L3 Module: l3msg 2014/08/24 v5358 L3 Messages
L3 Module: l3file 2014/08/24 v5369 L3 File and I/O operations
\l_iow_line_count_int=\count121
\l__iow_target_count_int=\count122
\l__iow_current_line_int=\count123
\l__iow_current_word_int=\count124
\l__iow_current_indentation_int=\count125
L3 Module: l3skip 2014/08/23 v5354 L3 Dimensions and skips
\c_zero_dim=\dimen146
\c_max_dim=\dimen147
\l_tmpa_dim=\dimen148
\l_tmpb_dim=\dimen149
\g_tmpa_dim=\dimen150
\g_tmpb_dim=\dimen151
\c_zero_skip=\skip57
\c_max_skip=\skip58
\l_tmpa_skip=\skip59
\l_tmpb_skip=\skip60
\g_tmpa_skip=\skip61
\g_tmpb_skip=\skip62
\c_zero_muskip=\muskip12
\c_max_muskip=\muskip13
\l_tmpa_muskip=\muskip14
\l_tmpb_muskip=\muskip15
\g_tmpa_muskip=\muskip16
\g_tmpb_muskip=\muskip17
L3 Module: l3keys 2014/08/23 v5354 L3 Key-value interfaces
\g__keyval_level_int=\count126
\l_keys_choice_int=\count127
L3 Module: l3fp 2014/08/22 v5336 L3 Floating points
\c__fp_leading_shift_int=\count128
\c__fp_middle_shift_int=\count129
\c__fp_trailing_shift_int=\count130
\c__fp_big_leading_shift_int=\count131
\c__fp_big_middle_shift_int=\count132
\c__fp_big_trailing_shift_int=\count133
\c__fp_Bigg_leading_shift_int=\count134
\c__fp_Bigg_middle_shift_int=\count135
\c__fp_Bigg_trailing_shift_int=\count136
L3 Module: l3box 2014/08/23 v5354 L3 Experimental boxes
\c_empty_box=\box29
\l_tmpa_box=\box30
\l_tmpb_box=\box31
\g_tmpa_box=\box32
\g_tmpb_box=\box33
L3 Module: l3coffins 2014/08/23 v5354 L3 Coffin code layer
\l__coffin_internal_box=\box34
\l__coffin_internal_dim=\dimen152
\l__coffin_offset_x_dim=\dimen153
\l__coffin_offset_y_dim=\dimen154
\l__coffin_x_dim=\dimen155
\l__coffin_y_dim=\dimen156
\l__coffin_x_prime_dim=\dimen157
\l__coffin_y_prime_dim=\dimen158
\c_empty_coffin=\box35
\l__coffin_aligned_coffin=\box36
\l__coffin_aligned_internal_coffin=\box37
\l_tmpa_coffin=\box38
\l_tmpb_coffin=\box39
\l__coffin_display_coffin=\box40
\l__coffin_display_coord_coffin=\box41
\l__coffin_display_pole_coffin=\box42
\l__coffin_display_offset_dim=\dimen159
\l__coffin_display_x_dim=\dimen160
\l__coffin_display_y_dim=\dimen161
L3 Module: l3color 2014/08/23 v5354 L3 Experimental color support
L3 Module: l3candidates 2014/11/23 v5466 L3 Experimental additions to l3kernel
\l__box_top_dim=\dimen162
\l__box_bottom_dim=\dimen163
\l__box_left_dim=\dimen164
\l__box_right_dim=\dimen165
\l__box_top_new_dim=\dimen166
\l__box_bottom_new_dim=\dimen167
\l__box_left_new_dim=\dimen168
\l__box_right_new_dim=\dimen169
\l__box_internal_box=\box43
\l__coffin_bounding_shift_dim=\dimen170
\l__coffin_left_corner_dim=\dimen171
\l__coffin_right_corner_dim=\dimen172
\l__coffin_bottom_corner_dim=\dimen173
\l__coffin_top_corner_dim=\dimen174
\l__coffin_scaled_total_height_dim=\dimen175
\l__coffin_scaled_width_dim=\dimen176
)
(c:/texlive/2014/texmf-dist/tex/latex/l3kernel/l3unicode-data.def
File: l3unicode-data.def 2014/11/23 v5465 L3 Unicode data
)
(c:/texlive/2014/texmf-dist/tex/latex/l3kernel/l3pdfmode.def
File: l3pdfmode.def 2014/11/23 v5466 L3 Experimental driver: PDF mode
\l__driver_color_stack_int=\count137
))
(c:/texlive/2014/texmf-dist/tex/latex/l3packages/xparse/xparse.sty
Package: xparse 2014/11/25 v5471 L3 Experimental document command parser
\l__xparse_current_arg_int=\count138
\l__xparse_m_args_int=\count139
\l__xparse_mandatory_args_int=\count140
\l__xparse_processor_int=\count141
\l__xparse_v_nesting_int=\count142
)
Package: siunitx 2014/10/28 v2.6d A comprehensive (SI) units package

(c:/texlive/2014/texmf-dist/tex/latex/tools/array.sty
Package: array 2014/10/28 v2.4c Tabular extension package (FMi)
\col@sep=\dimen177
\extrarowheight=\dimen178
\NC@list=\toks23
\extratabsurround=\skip63
\backup@length=\skip64
)
(c:/texlive/2014/texmf-dist/tex/latex/l3packages/l3keys2e/l3keys2e.sty
Package: l3keys2e 2014/11/25 v5471 LaTeX2e option processing using LaTeX3 keys
)
Variant \tl_if_blank:VTF already defined; not changing it on line 50
\l__siunitx_tmp_box=\box44
\l__siunitx_tmp_dim=\dimen179
\l__siunitx_tmp_int=\count143
Variant \prop_get:NVNT already defined; not changing it on line 372
Variant \prop_get:NVNF already defined; not changing it on line 373
Variant \prop_get:NVNTF already defined; not changing it on line 374
\l__siunitx_number_mantissa_length_int=\count144
\l__siunitx_number_uncert_length_int=\count145
\l__siunitx_round_int=\count146
\l__siunitx_process_decimal_int=\count147
\l__siunitx_process_uncertainty_int=\count148
\l__siunitx_process_fixed_int=\count149
\l__siunitx_process_integer_min_int=\count150
\l__siunitx_process_precision_int=\count151
\l__siunitx_group_min_int=\count152
\l__siunitx_angle_marker_box=\box45
\l__siunitx_angle_unit_box=\box46
\l__siunitx_angle_marker_dim=\dimen180
\l__siunitx_angle_unit_dim=\dimen181
\l__siunitx_unit_int=\count153
\l__siunitx_unit_denominator_int=\count154
\l__siunitx_unit_numerator_int=\count155
\l__siunitx_unit_prefix_int=\count156
\l__siunitx_unit_prefix_base_int=\count157
\l__siunitx_unit_prefix_gram_int=\count158
\l__siunitx_number_product_int=\count159
\c__siunitx_one_fill_skip=\skip65
\l__siunitx_table_unit_align_skip=\skip66
\l__siunitx_table_exponent_dim=\dimen182
\l__siunitx_table_integer_dim=\dimen183
\l__siunitx_table_mantissa_dim=\dimen184
\l__siunitx_table_marker_dim=\dimen185
\l__siunitx_table_result_dim=\dimen186
\l__siunitx_table_uncert_dim=\dimen187
\l__siunitx_table_fill_pre_dim=\dimen188
\l__siunitx_table_fill_post_dim=\dimen189
\l__siunitx_table_fill_mid_dim=\dimen190
\l__siunitx_table_pre_box=\box47
\l__siunitx_table_post_box=\box48
\l__siunitx_table_mantissa_box=\box49
\l__siunitx_table_result_box=\box50
\l__siunitx_table_number_align_skip=\skip67
\l__siunitx_table_text_align_skip=\skip68
.................................................
. LaTeX info: "xparse/define-command"
. 
. Defining command \DeclareBinaryPrefix with sig. 'mmm' on line 7168.
.................................................
.................................................
. LaTeX info: "xparse/define-command"
. 
. Defining command \DeclareSIPostPower with sig. 'mm' on line 7171.
.................................................
.................................................
. LaTeX info: "xparse/define-command"
. 
. Defining command \DeclareSIPrefix with sig. 'mmm' on line 7174.
.................................................
.................................................
. LaTeX info: "xparse/define-command"
. 
. Defining command \DeclareSIPrePower with sig. 'mm' on line 7177.
.................................................
.................................................
. LaTeX info: "xparse/define-command"
. 
. Defining command \DeclareSIQualifier with sig. 'mm' on line 7180.
.................................................
.................................................
. LaTeX info: "xparse/define-command"
. 
. Defining command \DeclareSIUnit with sig. 'O{}mm' on line 7183.
.................................................
.................................................
. LaTeX info: "xparse/define-command"
. 
. Defining command \DeclareSIUnitWithOptions with sig. 'mmm' on line 7186.
.................................................
.................................................
. LaTeX info: "xparse/define-command"
. 
. Defining command \ang with sig. 'o>{\SplitArgument {2}{;}}m' on line 7201.
.................................................
.................................................
. LaTeX info: "xparse/define-command"
. 
. Defining command \num with sig. 'om' on line 7209.
.................................................
.................................................
. LaTeX info: "xparse/define-command"
. 
. Defining command \numlist with sig. 'o>{\SplitList {;}}m' on line 7217.
.................................................
.................................................
. LaTeX info: "xparse/define-command"
. 
. Defining command \numrange with sig. 'omm' on line 7225.
.................................................
.................................................
. LaTeX info: "xparse/define-command"
. 
. Defining command \SIlist with sig. 'o>{\SplitList {;}}mm' on line 7236.
.................................................
.................................................
. LaTeX info: "xparse/define-command"
. 
. Defining command \SIrange with sig. 'ommm' on line 7247.
.................................................
.................................................
. LaTeX info: "xparse/define-command"
. 
. Defining command \SI with sig. 'omom' on line 7258.
.................................................
.................................................
. LaTeX info: "xparse/define-command"
. 
. Defining command \sisetup with sig. 'm' on line 7261.
.................................................
.................................................
. LaTeX info: "xparse/define-command"
. 
. Defining command \tablenum with sig. 'om' on line 7273.
.................................................
.................................................
. LaTeX info: "xparse/define-command"
. 
. Defining command \si with sig. 'om' on line 7284.
.................................................
.................................................
. LaTeX info: "xparse/define-command"
. 
. Defining command \__siunitx_bookmark_num:w with sig. 'om' on line 7331.
.................................................
.................................................
. LaTeX info: "xparse/define-command"
. 
. Defining command \__siunitx_bookmark_numrange:w with sig. 'omm' on line
. 7333.
.................................................
.................................................
. LaTeX info: "xparse/define-command"
. 
. Defining command \__siunitx_bookmark_SI:w with sig. 'omom' on line 7335.
.................................................
.................................................
. LaTeX info: "xparse/define-command"
. 
. Defining command \__siunitx_bookmark_SIlist:w with sig. 'omm' on line 7337.
.................................................
.................................................
. LaTeX info: "xparse/define-command"
. 
. Defining command \__siunitx_bookmark_SIrange:w with sig. 'ommm' on line
. 7339.
.................................................
.................................................
. LaTeX info: "xparse/define-command"
. 
. Defining command \__siunitx_bookmark_si:w with sig. 'om' on line 7340.
.................................................
\g__file_internal_ior=\read1

(c:/texlive/2014/texmf-dist/tex/latex/beamer/translator/translator.sty
Package: translator 2010/06/12 ver 1.10

(c:/texlive/2014/texmf-dist/tex/latex/beamer/translator/translator-language-map
pings.tex))) (c:/texlive/2014/texmf-dist/tex/latex/caption/subcaption.sty
Package: subcaption 2013/02/03 v1.1-62 Sub-captions (AR)
\c@subfigure=\count160
\c@subtable=\count161
)
(c:/texlive/2014/texmf-dist/tex/latex/oberdiek/grffile.sty
Package: grffile 2012/04/05 v1.16 Extended file name support for graphics (HO)

(c:/texlive/2014/texmf-dist/tex/latex/oberdiek/kvoptions.sty
Package: kvoptions 2011/06/30 v3.11 Key value format for package options (HO)

(c:/texlive/2014/texmf-dist/tex/generic/oberdiek/kvsetkeys.sty
Package: kvsetkeys 2012/04/25 v1.16 Key value parser (HO)

(c:/texlive/2014/texmf-dist/tex/generic/oberdiek/etexcmds.sty
Package: etexcmds 2011/02/16 v1.5 Avoid name clashes with e-TeX commands (HO)

(c:/texlive/2014/texmf-dist/tex/generic/oberdiek/ifluatex.sty
Package: ifluatex 2010/03/01 v1.3 Provides the ifluatex switch (HO)
Package ifluatex Info: LuaTeX not detected.
)
Package etexcmds Info: Could not find \expanded.
(etexcmds)             That can mean that you are not using pdfTeX 1.50 or
(etexcmds)             that some package has redefined \expanded.
(etexcmds)             In the latter case, load this package earlier.
)))
(c:/texlive/2014/texmf-dist/tex/generic/oberdiek/pdftexcmds.sty
Package: pdftexcmds 2011/11/29 v0.20 Utility functions of pdfTeX for LuaTeX (HO
)
Package pdftexcmds Info: LuaTeX not detected.
Package pdftexcmds Info: \pdf@primitive is available.
Package pdftexcmds Info: \pdf@ifprimitive is available.
Package pdftexcmds Info: \pdfdraftmode found.
)
Package grffile Info: Option `multidot' is set to `true'.
Package grffile Info: Option `extendedchars' is set to `false'.
Package grffile Info: Option `space' is set to `true'.
Package grffile Info: \Gin@ii of package `graphicx' fixed on input line 486.
)
(c:/texlive/2014/texmf-dist/tex/latex/appendix/appendix.sty
Package: appendix 2009/09/02 v1.2b extra appendix facilities
\c@@pps=\count162
\c@@ppsavesec=\count163
\c@@ppsaveapp=\count164
)
(c:/texlive/2014/texmf-dist/tex/latex/braket/braket.sty)
(c:/texlive/2014/texmf-dist/tex/latex/tools/xr.sty
Package: xr 1994/05/28 v5.02 eXternal References (DPC)
)
(c:/texlive/2014/texmf-dist/tex/latex/was/gensymb.sty
Package: gensymb 2003/07/02 v1.0 (WaS)
)
(c:/texlive/2014/texmf-dist/tex/latex/floatrow/floatrow.sty
Package: floatrow 2008/08/02 v0.3b floatrow: float package extension
\c@float@type=\count165
\float@exts=\toks24
\float@box=\box51
\@floatcapt=\box52
Package floatrow Info: Modified float package code loaded on input line 455.
Package floatrow Info: Modified rotfloat package code loaded on input line 473.

\FR@everyfloat=\toks25
\flrow@foot=\insert233
\FB@wd=\dimen191
\FBo@wd=\dimen192
\FBc@wd=\dimen193
\FBo@ht=\skip69
\FBc@ht=\skip70
\FBf@ht=\skip71
\FBo@max=\skip72
\FBc@max=\skip73
\FBf@max=\skip74
\c@FBl@b=\count166
\floatbox@depth=\count167
\c@FRobj=\count168
\c@FRsobj=\count169
\Xhsize=\skip75
\sXhsize=\skip76
\Zhsize=\skip77
\sZhsize=\skip78
\flrow@rowbox=\box53
\FR@Zunitlength=\dimen194
\c@FBcnt=\count170
\FPOScnt=\count171
\LTleft=\skip79
\LTright=\skip80
\LTleft=\skip81
\LTright=\skip82
\flrow@types=\toks26
)
(c:/texlive/2014/texmf-dist/tex/latex/tools/bm.sty
Package: bm 2014/10/28 v1.1c Bold Symbol Support (DPC/FMi)
\symboldoperators=\mathgroup6
\symboldletters=\mathgroup7
\symboldotherletters=\mathgroup8
LaTeX Font Info:    Redeclaring math alphabet \mathbf on input line 137.
LaTeX Info: Redefining \bm on input line 203.
)
(c:/texlive/2014/texmf-dist/tex/latex/placeins/placeins.sty
Package: placeins 2005/04/18  v 2.2
)
Package xr Info: IMPORTING LABELS FROM Chapters/DRIE.tex.aux on input line 30.
Package xr Info: IMPORTING LABELS FROM Chapters/appendix.tex.aux on input line 
31.
 (./thesis.aux)
\openout1 = `thesis.aux'.

LaTeX Font Info:    Checking defaults for OML/cmm/m/it on input line 79.
LaTeX Font Info:    ... okay on input line 79.
LaTeX Font Info:    Checking defaults for T1/cmr/m/n on input line 79.
LaTeX Font Info:    ... okay on input line 79.
LaTeX Font Info:    Checking defaults for OT1/cmr/m/n on input line 79.
LaTeX Font Info:    ... okay on input line 79.
LaTeX Font Info:    Checking defaults for OMS/cmsy/m/n on input line 79.
LaTeX Font Info:    ... okay on input line 79.
LaTeX Font Info:    Checking defaults for OMX/cmex/m/n on input line 79.
LaTeX Font Info:    ... okay on input line 79.
LaTeX Font Info:    Checking defaults for U/cmr/m/n on input line 79.
LaTeX Font Info:    ... okay on input line 79.
LaTeX Font Info:    Checking defaults for FML/futm/m/it on input line 79.
LaTeX Font Info:    Try loading font information for FML+futm on input line 79.


(c:/texlive/2014/texmf-dist/tex/latex/fourier/fmlfutm.fd
File: fmlfutm.fd 2004/10/30 Fontinst v1.926 font definitions for FML/futm.
)
LaTeX Font Info:    ... okay on input line 79.
LaTeX Font Info:    Checking defaults for FMS/futm/m/n on input line 79.
LaTeX Font Info:    Try loading font information for FMS+futm on input line 79.


(c:/texlive/2014/texmf-dist/tex/latex/fourier/fmsfutm.fd
File: fmsfutm.fd 2004/10/30 Fontinst v1.926 font definitions for FMS/futm.
)
LaTeX Font Info:    ... okay on input line 79.
LaTeX Font Info:    Checking defaults for FMX/futm/m/n on input line 79.
LaTeX Font Info:    Try loading font information for FMX+futm on input line 79.


(c:/texlive/2014/texmf-dist/tex/latex/fourier/fmxfutm.fd
File: fmxfutm.fd futm-extension
)
LaTeX Font Info:    ... okay on input line 79.
LaTeX Font Info:    Checking defaults for TS1/cmr/m/n on input line 79.
LaTeX Font Info:    Try loading font information for TS1+cmr on input line 79.

(c:/texlive/2014/texmf-dist/tex/latex/base/ts1cmr.fd
File: ts1cmr.fd 2014/09/29 v2.5h Standard LaTeX font definitions
)
LaTeX Font Info:    ... okay on input line 79.
LaTeX Font Info:    Try loading font information for T1+futs on input line 79.

(c:/texlive/2014/texmf-dist/tex/latex/fourier/t1futs.fd
File: t1futs.fd 2004/03/02 Fontinst v1.926 font definitions for T1/futs.
)
*geometry* driver: auto-detecting
*geometry* detected driver: pdftex
*geometry* verbose mode - [ preamble ] result:
* driver: pdftex
* paper: a4paper
* layout: <same size as paper>
* layoutoffset:(h,v)=(0.0pt,0.0pt)
* modes: 
* h-part:(L,W,R)=(89.62709pt, 418.25368pt, 89.6271pt)
* v-part:(T,H,B)=(101.40665pt, 591.5302pt, 152.11pt)
* \paperwidth=597.50787pt
* \paperheight=845.04684pt
* \textwidth=452.9679pt
* \textheight=633.50687pt
* \oddsidemargin=0.0pt
* \evensidemargin=0.0pt
* \topmargin=0.0pt
* \headheight=15.0pt
* \headsep=25.0pt
* \topskip=12.0pt
* \footskip=30.0pt
* \marginparwidth=44.0pt
* \marginparsep=10.0pt
* \columnsep=10.0pt
* \skip\footins=10.8pt plus 4.0pt minus 2.0pt
* \hoffset=0.0pt
* \voffset=0.0pt
* \mag=1000
* \@twocolumnfalse
* \@twosidefalse
* \@mparswitchfalse
* \@reversemarginfalse
* (1in=72.27pt=25.4mm, 1cm=28.453pt)

Package lastpage Info: Please have a look at the pageslts package at
(lastpage)             http://www.ctan.org/tex-archive/ 
(lastpage)             macros/latex/contrib/pageslts/ 
(lastpage)             or
(lastpage)             http://www.ctan.org/tex-archive/ 
(lastpage)             install/macros/latex/contrib/pageslts.tds.zip
(lastpage)             ! on input line 79.
(c:/texlive/2014/texmf-dist/tex/context/base/supp-pdf.mkii
[Loading MPS to PDF converter (version 2006.09.02).]
\scratchcounter=\count172
\scratchdimen=\dimen195
\scratchbox=\box54
\nofMPsegments=\count173
\nofMParguments=\count174
\everyMPshowfont=\toks27
\MPscratchCnt=\count175
\MPscratchDim=\dimen196
\MPnumerator=\count176
\makeMPintoPDFobject=\count177
\everyMPtoPDFconversion=\toks28
) (c:/texlive/2014/texmf-dist/tex/latex/oberdiek/epstopdf-base.sty
Package: epstopdf-base 2010/02/09 v2.5 Base part for package epstopdf

(c:/texlive/2014/texmf-dist/tex/latex/oberdiek/grfext.sty
Package: grfext 2010/08/19 v1.1 Manage graphics extensions (HO)

(c:/texlive/2014/texmf-dist/tex/generic/oberdiek/kvdefinekeys.sty
Package: kvdefinekeys 2011/04/07 v1.3 Define keys (HO)
))
Package grfext Info: Graphics extension search list:
(grfext)             [.png,.pdf,.jpg,.mps,.jpeg,.jbig2,.jb2,.PNG,.PDF,.JPG,.JPE
G,.JBIG2,.JB2,.eps]
(grfext)             \AppendGraphicsExtensions on input line 452.

(c:/texlive/2014/texmf-dist/tex/latex/latexconfig/epstopdf-sys.cfg
File: epstopdf-sys.cfg 2010/07/13 v1.3 Configuration of (r)epstopdf for TeX Liv
e
))
Package caption Info: Begin \AtBeginDocument code.
Package caption Info: floatrow package is loaded.
Package caption Info: float package is loaded.
Package caption Info: floatrow package is loaded.
Package caption Info: End \AtBeginDocument code.
LaTeX Info: Redefining \microtypecontext on input line 79.
Package microtype Info: Generating PDF output.
Package microtype Info: Character protrusion enabled (level 2).
Package microtype Info: Using default protrusion set `alltext'.
Package microtype Info: Automatic font expansion enabled (level 2),
(microtype)             stretch: 20, shrink: 20, step: 1, non-selected.
Package microtype Info: Using default expansion set `basictext'.
Package microtype Info: No adjustment of tracking.
Package microtype Info: No adjustment of interword spacing.
Package microtype Info: No adjustment of character kerning.
Package microtype Info: Loading generic settings for font family
(microtype)             `futs' (encoding: T1).
(microtype)             For optimal results, create family-specific settings.
(microtype)             See the microtype manual for details.

(c:/texlive/2014/texmf-dist/tex/latex/beamer/translator/dicts/translator-basic-
dictionary/translator-basic-dictionary-English.dict
Dictionary: translator-basic-dictionary, Language: English 
)
(c:/texlive/2014/texmf-dist/tex/latex/siunitx/siunitx-abbreviations.cfg
File: siunitx-abbreviations.cfg 2014/10/28 v2.6d siunitx: Abbreviated units
)
\symgns@font=\mathgroup9
LaTeX Font Info:    Overwriting symbol font `gns@font' in version `bold'
(Font)                  TS1/futs/m/n --> TS1/futs/bx/n on input line 79.
Package gensymb Info: Math companion symbols declared on input line 79.
LaTeX Info: Redefining \degree on input line 79.
LaTeX Info: Redefining \celsius on input line 79.
Package gensymb Info: Using text companion symbols for \degree, \celsius and \p
erthousand on input line 79.
LaTeX Info: Redefining \ohm on input line 79.
Package gensymb Info: Using \textohm for \ohm on input line 79.
LaTeX Info: Redefining \micro on input line 79.
Package gensymb Info: Using \textmu for \micro on input line 79.

(c:/texlive/2014/texmf-dist/tex/latex/graphics/color.sty
Package: color 2014/10/28 v1.1a Standard LaTeX Color (DPC)
LaTeX Info: Redefining \color on input line 76.

(c:/texlive/2014/texmf-dist/tex/latex/latexconfig/color.cfg
File: color.cfg 2007/01/18 v1.5 color configuration of teTeX/TeXLive
)
Package color Info: Driver file: pdftex.def on input line 137.
)
\c__siunitx_mathsf_int=\count178
LaTeX Font Info:    Try loading font information for FML+futmi on input line 79
.

(c:/texlive/2014/texmf-dist/tex/latex/fourier/fmlfutmi.fd
File: fmlfutmi.fd 2004/10/30 Fontinst v1.926 font definitions for FML/futmi.
)
LaTeX Font Info:    Font shape `FMX/futm/m/n' will be
(Font)              scaled to size 11.03998pt on input line 79.
LaTeX Font Info:    Font shape `FMX/futm/m/n' will be
(Font)              scaled to size 8.27998pt on input line 79.
LaTeX Font Info:    Font shape `FMX/futm/m/n' will be
(Font)              scaled to size 6.43999pt on input line 79.
LaTeX Font Info:    Font shape `U/futm/m/n' will be
(Font)              scaled to size 11.03998pt on input line 79.
LaTeX Font Info:    Font shape `U/futm/m/n' will be
(Font)              scaled to size 8.27998pt on input line 79.
LaTeX Font Info:    Font shape `U/futm/m/n' will be
(Font)              scaled to size 6.43999pt on input line 79.
LaTeX Font Info:    Try loading font information for TS1+futs on input line 79.


(c:/texlive/2014/texmf-dist/tex/latex/fourier/ts1futs.fd
File: ts1futs.fd 2004/03/26 Fontinst v1.926 font definitions for TS1/futs.
)
Package microtype Info: Loading generic settings for font family
(microtype)             `futs' (encoding: TS1).
(microtype)             For optimal results, create family-specific settings.
(microtype)             See the microtype manual for details.
Package microtype Info: Loading generic settings for font family
(microtype)             `cmss' (encoding: OT1).
(microtype)             For optimal results, create family-specific settings.
(microtype)             See the microtype manual for details.
\c__siunitx_mathtt_int=\count179
Package microtype Info: Loading generic settings for font family
(microtype)             `cmtt' (encoding: OT1).
(microtype)             For optimal results, create family-specific settings.
(microtype)             See the microtype manual for details.
LaTeX Font Info:    Font shape `T1/futs/bx/n' in size <20.74> not available
(Font)              Font shape `T1/futs/b/n' tried instead on input line 87.
LaTeX Font Info:    Font shape `FMX/futm/m/n' will be
(Font)              scaled to size 19.08076pt on input line 97.
LaTeX Font Info:    Font shape `FMX/futm/m/n' will be
(Font)              scaled to size 13.24796pt on input line 97.
LaTeX Font Info:    Font shape `FMX/futm/m/n' will be
(Font)              scaled to size 9.19998pt on input line 97.
LaTeX Font Info:    Font shape `U/futm/m/n' will be
(Font)              scaled to size 19.08076pt on input line 97.
LaTeX Font Info:    Font shape `U/futm/m/n' will be
(Font)              scaled to size 13.24796pt on input line 97.
LaTeX Font Info:    Font shape `U/futm/m/n' will be
(Font)              scaled to size 9.19998pt on input line 97.
 [1

{c:/texlive/2014/texmf-var/fonts/map/pdftex/updmap/pdftex.map}]
LaTeX Font Info:    Font shape `T1/futs/bx/n' in size <24.88> not available
(Font)              Font shape `T1/futs/b/n' tried instead on input line 121.
 (./thesis.toc
LaTeX Font Info:    Font shape `T1/futs/bx/n' in size <14.4> not available
(Font)              Font shape `T1/futs/b/n' tried instead on input line 2.
LaTeX Font Info:    Font shape `T1/futs/bx/n' in size <12> not available
(Font)              Font shape `T1/futs/b/n' tried instead on input line 3.
 [1

] [2] [3])
\tf@toc=\write3
\openout3 = `thesis.toc'.


[4] (./Chapters/DRIE.tex
LaTeX Font Info:    Font shape `T1/futs/bx/n' in size <17.28> not available
(Font)              Font shape `T1/futs/b/n' tried instead on input line 3.
LaTeX Font Info:    Font shape `T1/futs/bx/sc' in size <17.28> not available
(Font)              Font shape `T1/futs/b/sc' tried instead on input line 3.
 [5] [6

] [7]
Chapter 1.
<Figures/DRIE/CPW.png, id=31, 339.669pt x 158.5122pt>
File: Figures/DRIE/CPW.png Graphic file (type png)

<use Figures/DRIE/CPW.png>
Package pdftex.def Info: Figures/DRIE/CPW.png used on input line 42.
(pdftex.def)             Requested size: 181.18439pt x 84.55527pt.
LaTeX Font Info:    Font shape `T1/futs/bx/n' in size <10.95> not available
(Font)              Font shape `T1/futs/b/n' tried instead on input line 44.

Underfull \hbox (badness 1259) in paragraph at lines 44--44
[]\T1/futs/b/n/10.95 Figure 1.1: |\T1/futs/m/n/10.95 (+20) Schematic of a copla
-nar
 []

[8

 <./Figures/DRIE/CPW.png>] [9] [10] [11] [12] [13]
Chapter 2.
<Figures/DRIE/All_set4.png, id=57, 725.109pt x 311.2428pt>
File: Figures/DRIE/All_set4.png Graphic file (type png)

<use Figures/DRIE/All_set4.png>
Package pdftex.def Info: Figures/DRIE/All_set4.png used on input line 214.
(pdftex.def)             Requested size: 181.18439pt x 77.76776pt.
LaTeX Font Info:    Font shape `FMX/futm/m/n' will be
(Font)              scaled to size 10.07397pt on input line 216.
LaTeX Font Info:    Font shape `FMX/futm/m/n' will be
(Font)              scaled to size 7.63599pt on input line 216.
LaTeX Font Info:    Font shape `FMX/futm/m/n' will be
(Font)              scaled to size 5.51999pt on input line 216.
LaTeX Font Info:    Font shape `U/futm/m/n' will be
(Font)              scaled to size 10.07397pt on input line 216.
LaTeX Font Info:    Font shape `U/futm/m/n' will be
(Font)              scaled to size 7.63599pt on input line 216.
LaTeX Font Info:    Font shape `U/futm/m/n' will be
(Font)              scaled to size 5.51999pt on input line 216.
 [14

 <./Figures/DRIE/All_set4.png>]
Chapter 3.
<Figures/DRIE/resonator_amplitude.png, id=62, 433.62pt x 289.08pt>
File: Figures/DRIE/resonator_amplitude.png Graphic file (type png)

<use Figures/DRIE/resonator_amplitude.png>
Package pdftex.def Info: Figures/DRIE/resonator_amplitude.png used on input lin
e 237.
(pdftex.def)             Requested size: 221.95676pt x 147.97139pt.

<Figures/DRIE/resonator_complex.png, id=63, 433.62pt x 289.08pt>
File: Figures/DRIE/resonator_complex.png Graphic file (type png)

<use Figures/DRIE/resonator_complex.png>
Package pdftex.def Info: Figures/DRIE/resonator_complex.png used on input line 
241.
(pdftex.def)             Requested size: 221.95676pt x 147.97139pt.

<Figures/DRIE/Qi_vs_n_photon.png, id=64, 433.62pt x 289.08pt>
File: Figures/DRIE/Qi_vs_n_photon.png Graphic file (type png)

<use Figures/DRIE/Qi_vs_n_photon.png>
Package pdftex.def Info: Figures/DRIE/Qi_vs_n_photon.png used on input line 257
.
(pdftex.def)             Requested size: 362.37569pt x 241.59486pt.
 [15

 <./Figures/DRIE/resonator_amplitude.png> <./Figures/DRIE/resonator_complex.png
>]
<Figures/DRIE/Qi_vs_n_photon_temperature_dependence.png, id=70, 433.62pt x 289.
08pt>
File: Figures/DRIE/Qi_vs_n_photon_temperature_dependence.png Graphic file (type
 png)
 <use Figures/DRIE/Qi_vs_n_photon_temperature_dependence.png>
Package pdftex.def Info: Figures/DRIE/Qi_vs_n_photon_temperature_dependence.png
 used on input line 279.
(pdftex.def)             Requested size: 362.37569pt x 241.59486pt.
 [16 <./Figures/DRIE/Qi_vs_n_photon.png>]
<Figures/DRIE/Temperature tracking drop - Qi vs T.png, id=75, 433.62pt x 289.08
pt>
File: Figures/DRIE/Temperature tracking drop - Qi vs T.png Graphic file (type p
ng)
 <use Figures/DRIE/Temperature tracking drop - Qi vs T.png>
Package pdftex.def Info: Figures/DRIE/Temperature tracking drop - Qi vs T.png u
sed on input line 300.
(pdftex.def)             Requested size: 221.95676pt x 147.97139pt.

<Figures/DRIE/Temperature tracking - no drop - Qi vs T.png, id=76, 433.62pt x 2
89.08pt>
File: Figures/DRIE/Temperature tracking - no drop - Qi vs T.png Graphic file (t
ype png)
 <use Figures/DRIE/Temperature tracking - no drop - Qi vs T.png>
Package pdftex.def Info: Figures/DRIE/Temperature tracking - no drop - Qi vs T.
png used on input line 304.
(pdftex.def)             Requested size: 221.95676pt x 147.97139pt.

[17 <./Figures/DRIE/Qi_vs_n_photon_temperature_dependence.png>]
<Figures/DRIE/Temperature tracking - f0 vs T.png, id=81, 505.89pt x 361.35pt>
File: Figures/DRIE/Temperature tracking - f0 vs T.png Graphic file (type png)

<use Figures/DRIE/Temperature tracking - f0 vs T.png>
Package pdftex.def Info: Figures/DRIE/Temperature tracking - f0 vs T.png used o
n input line 316.
(pdftex.def)             Requested size: 326.13744pt x 232.96144pt.


LaTeX Warning: `!h' float specifier changed to `!ht'.

[18 <./Figures/DRIE/Temperature tracking drop - Qi vs T.png> <./Figures/DRIE/Te
mperature tracking - no drop - Qi vs T.png>]
<Figures/DRIE/Temperature increase tracking - f0 vs T with fit.png, id=88, 505.
89pt x 361.35pt>
File: Figures/DRIE/Temperature increase tracking - f0 vs T with fit.png Graphic
 file (type png)

<use Figures/DRIE/Temperature increase tracking - f0 vs T with fit.png>
Package pdftex.def Info: Figures/DRIE/Temperature increase tracking - f0 vs T w
ith fit.png used on input line 330.
(pdftex.def)             Requested size: 317.07614pt x 226.4883pt.


LaTeX Warning: `h' float specifier changed to `ht'.

[19 <./Figures/DRIE/Temperature tracking - f0 vs T.png>] [20 <./Figures/DRIE/Te
mperature increase tracking - f0 vs T with fit.png>]
Chapter 4.
) (./Chapters/Muxmon.tex
Package xr Info: IMPORTING LABELS FROM Chapters/appendix.tex.aux on input line 
2.
 [21

] [22

] [23] [24

]
Chapter 5.

<../Figures/Exploring frequency re-use/bandwidth_broadening.png, id=110, 433.62
pt x 361.35pt>
File: ../Figures/Exploring frequency re-use/bandwidth_broadening.png Graphic fi
le (type png)

<use ../Figures/Exploring frequency re-use/bandwidth_broadening.png>
Package pdftex.def Info: ../Figures/Exploring frequency re-use/bandwidth_broade
ning.png used on input line 46.
(pdftex.def)             Requested size: 203.83417pt x 169.86209pt.

<../Figures/Exploring frequency re-use/surface_code_frequency re-use_cut.jpg, i
d=111, 383.5128pt x 321.3606pt>
File: ../Figures/Exploring frequency re-use/surface_code_frequency re-use_cut.j
pg Graphic file (type jpg)

<use ../Figures/Exploring frequency re-use/surface_code_frequency re-use_cut.jp
g>
Package pdftex.def Info: ../Figures/Exploring frequency re-use/surface_code_fre
quency re-use_cut.jpg used on input line 59.
(pdftex.def)             Requested size: 271.7835pt x 227.741pt.


LaTeX Warning: `h' float specifier changed to `ht'.

[25

 <../Figures/Exploring frequency re-use/bandwidth_broadening.png>]
<../Figures/Duplexer_with_background.png, id=116, 613.69275pt x 475.17525pt>
File: ../Figures/Duplexer_with_background.png Graphic file (type png)

<use ../Figures/Duplexer_with_background.png>
Package pdftex.def Info: ../Figures/Duplexer_with_background.png used on input 
line 71.
(pdftex.def)             Requested size: 203.83417pt x 157.8234pt.
 [26 <../Figures/Exploring frequency re-use/surface_code_frequency re-use_cut.j
pg> <../Figures/Duplexer_with_background.png>] <../Figures/MUX_0.jpg, id=120, 5
161.2825pt x 1519.6775pt>
File: ../Figures/MUX_0.jpg Graphic file (type jpg)

<use ../Figures/MUX_0.jpg>
Package pdftex.def Info: ../Figures/MUX_0.jpg used on input line 95.
(pdftex.def)             Requested size: 407.66833pt x 120.02306pt.

<../Figures/MUX_1.jpg, id=121, 5440.325pt x 1524.69624pt>
File: ../Figures/MUX_1.jpg Graphic file (type jpg)

<use ../Figures/MUX_1.jpg>
Package pdftex.def Info: ../Figures/MUX_1.jpg used on input line 101.
(pdftex.def)             Requested size: 407.66833pt x 114.23096pt.


LaTeX Warning: Reference `sec:Frequency re-use in the Surface Code' on page 27 
undefined on input line 109.

[27 <../Figures/MUX_0.jpg> <../Figures/MUX_1.jpg>]
<../Figures/20150512_Muxmon_Setup.jpg, id=125, 546.3612pt x 804.3651pt>
File: ../Figures/20150512_Muxmon_Setup.jpg Graphic file (type jpg)

<use ../Figures/20150512_Muxmon_Setup.jpg>
Package pdftex.def Info: ../Figures/20150512_Muxmon_Setup.jpg used on input lin
e 115.
(pdftex.def)             Requested size: 407.66833pt x 600.19167pt.
 [28] [29 <../Figures/20150512_Muxmon_Setup.jpg>]
Chapter 6.
[30

] [31]
<../Figures/Qubit characterization/Resonator scans.png, id=139, 433.62pt x 289.
08pt>
File: ../Figures/Qubit characterization/Resonator scans.png Graphic file (type 
png)
 <use ../Figures/Qubit characterization/Resonator scans.png>
Package pdftex.def Info: ../Figures/Qubit characterization/Resonator scans.png 
used on input line 181.
(pdftex.def)             Requested size: 317.07614pt x 211.39275pt.

<../Figures/Qubit characterization/Powersweep.png, id=140, 433.62pt x 289.08pt>
File: ../Figures/Qubit characterization/Powersweep.png Graphic file (type png)
<use ../Figures/Qubit characterization/Powersweep.png>
Package pdftex.def Info: ../Figures/Qubit characterization/Powersweep.png used 
on input line 194.
(pdftex.def)             Requested size: 249.13371pt x 166.09178pt.
 [32 <../Figures/Qubit characterization/Powersweep.png>] [33 <../Figures/Qubit 
characterization/Resonator scans.png>]
<../Figures/Muxmon SQUID loop w annotation.png, id=149, 1233.408pt x 922.647pt>
File: ../Figures/Muxmon SQUID loop w annotation.png Graphic file (type png)
<use ../Figures/Muxmon SQUID loop w annotation.png>
Package pdftex.def Info: ../Figures/Muxmon SQUID loop w annotation.png used on 
input line 225.
(pdftex.def)             Requested size: 203.83417pt x 152.46951pt.
 [34 <../Figures/Muxmon SQUID loop w annotation.png>]
<../Figures/Qubit characterization/dispersive shift.png, id=154, 433.62pt x 289
.08pt>
File: ../Figures/Qubit characterization/dispersive shift.png Graphic file (type
 png)
 <use ../Figures/Qubit characterization/dispersive shift.png>
Package pdftex.def Info: ../Figures/Qubit characterization/dispersive shift.png
 used on input line 246.
(pdftex.def)             Requested size: 226.48395pt x 150.98851pt.
 [35 <../Figures/Qubit characterization/dispersive shift.png>]
<../Figures/Qubit characterization/Spectroscopy.png, id=159, 361.35pt x 289.08p
t>
File: ../Figures/Qubit characterization/Spectroscopy.png Graphic file (type png
)
 <use ../Figures/Qubit characterization/Spectroscopy.png>
Package pdftex.def Info: ../Figures/Qubit characterization/Spectroscopy.png use
d on input line 262.
(pdftex.def)             Requested size: 203.83417pt x 163.06583pt.
 [36 <../Figures/Qubit characterization/Spectroscopy.png>]
<../Figures/Qubit characterization/Tracked_spectroscopy.png, id=165, 361.35pt x
 433.62pt>
File: ../Figures/Qubit characterization/Tracked_spectroscopy.png Graphic file (
type png)
 <use ../Figures/Qubit characterization/Tracked_spectroscopy.png>
Package pdftex.def Info: ../Figures/Qubit characterization/Tracked_spectroscopy
.png used on input line 315.
(pdftex.def)             Requested size: 203.83417pt x 244.59877pt.

[37 <../Figures/Qubit characterization/Tracked_spectroscopy.png>]
<../Figures/Qubit characterization/second transition spec.png, id=170, 361.35pt
 x 289.08pt>
File: ../Figures/Qubit characterization/second transition spec.png Graphic file
 (type png)

<use ../Figures/Qubit characterization/second transition spec.png>
Package pdftex.def Info: ../Figures/Qubit characterization/second transition sp
ec.png used on input line 344.
(pdftex.def)             Requested size: 271.7835pt x 217.427pt.
 [38 <../Figures/Qubit characterization/second transition spec.png>]
<../Figures/Qubit characterization/Flux_matrix.png, id=175, 722.7pt x 722.7pt>
File: ../Figures/Qubit characterization/Flux_matrix.png Graphic file (type png)


<use ../Figures/Qubit characterization/Flux_matrix.png>
Package pdftex.def Info: ../Figures/Qubit characterization/Flux_matrix.png used
 on input line 365.
(pdftex.def)             Requested size: 452.9679pt x 452.96558pt.

! Undefined control sequence.
<recently read> \boldymbol 
                           
l.373 ...s a frequency response matrix $\boldymbol
                                                  {M}$ can be constructed:
The control sequence at the end of the top line
of your error message was never \def'ed. If you have
misspelled it (e.g., `\hobx'), type `I' and the correct
spelling (e.g., `I\hbox'). Otherwise just continue,
and I'll forget about whatever was undefined.

[39] [40] [41 <../Figures/Qubit characterization/Flux_matrix.png>] [42

]
[43] [44] [45] [46]
Chapter 7.
[47

]
<../Figures/Calibration routines/Mixer offset.png, id=206, 433.62pt x 289.08pt>
File: ../Figures/Calibration routines/Mixer offset.png Graphic file (type png)
<use ../Figures/Calibration routines/Mixer offset.png>
Package pdftex.def Info: ../Figures/Calibration routines/Mixer offset.png used 
on input line 589.
(pdftex.def)             Requested size: 221.95676pt x 147.97139pt.

<../Figures/Calibration routines/Mixer skewness.png, id=207, 433.62pt x 289.08p
t>
File: ../Figures/Calibration routines/Mixer skewness.png Graphic file (type png
)
 <use ../Figures/Calibration routines/Mixer skewness.png>
Package pdftex.def Info: ../Figures/Calibration routines/Mixer skewness.png use
d on input line 593.
(pdftex.def)             Requested size: 221.95676pt x 147.97139pt.
 [48] [49 <../Figures/Calibration routines/Mixer offset.png> <../Figures/Calibr
ation routines/Mixer skewness.png>] [50]
<../Figures/Exploring frequency re-use/AllXY_drive_top.png, id=221, 722.7pt x 3
61.35pt>
File: ../Figures/Exploring frequency re-use/AllXY_drive_top.png Graphic file (t
ype png)
 <use ../Figures/Exploring frequency re-use/AllXY_drive_top.png>
Package pdftex.def Info: ../Figures/Exploring frequency re-use/AllXY_drive_top.
png used on input line 626.
(pdftex.def)             Requested size: 452.9679pt x 226.48279pt.

<../Figures/Exploring frequency re-use/AllXY_drag_top.png, id=222, 722.7pt x 36
1.35pt>
File: ../Figures/Exploring frequency re-use/AllXY_drag_top.png Graphic file (ty
pe png)
 <use ../Figures/Exploring frequency re-use/AllXY_drag_top.png>
Package pdftex.def Info: ../Figures/Exploring frequency re-use/AllXY_drag_top.p
ng used on input line 632.
(pdftex.def)             Requested size: 452.9679pt x 226.48279pt.
 [51]
[52 <../Figures/Exploring frequency re-use/AllXY_drive_top.png> <../Figures/Exp
loring frequency re-use/AllXY_drag_top.png>]
Chapter 8.

<../Figures/Exploring frequency re-use/coherence_times.png, id=231, 722.7pt x 5
78.16pt>
File: ../Figures/Exploring frequency re-use/coherence_times.png Graphic file (t
ype png)
 <use ../Figures/Exploring frequency re-use/coherence_times.png>
Package pdftex.def Info: ../Figures/Exploring frequency re-use/coherence_times.
png used on input line 661.
(pdftex.def)             Requested size: 452.9679pt x 362.37247pt.

[53

]
<../Figures/Exploring frequency re-use/excitation_swap.png, id=235, 722.7pt x 3
61.35pt>
File: ../Figures/Exploring frequency re-use/excitation_swap.png Graphic file (t
ype png)
 <use ../Figures/Exploring frequency re-use/excitation_swap.png>
Package pdftex.def Info: ../Figures/Exploring frequency re-use/excitation_swap.
png used on input line 695.
(pdftex.def)             Requested size: 452.9679pt x 226.48279pt.

[54 <../Figures/Exploring frequency re-use/coherence_times.png>]
<../Figures/Exploring frequency re-use/cross-driving_setup.jpg, id=241, 2337.73
375pt x 729.72626pt>
File: ../Figures/Exploring frequency re-use/cross-driving_setup.jpg Graphic fil
e (type jpg)

<use ../Figures/Exploring frequency re-use/cross-driving_setup.jpg>
Package pdftex.def Info: ../Figures/Exploring frequency re-use/cross-driving_se
tup.jpg used on input line 715.
(pdftex.def)             Requested size: 362.37569pt x 113.1064pt.

<../Figures/Exploring frequency re-use/cross-driving_Rabi.png, id=242, 433.62pt
 x 505.89pt>
File: ../Figures/Exploring frequency re-use/cross-driving_Rabi.png Graphic file
 (type png)

<use ../Figures/Exploring frequency re-use/cross-driving_Rabi.png>
Package pdftex.def Info: ../Figures/Exploring frequency re-use/cross-driving_Ra
bi.png used on input line 723.
(pdftex.def)             Requested size: 294.42636pt x 343.51433pt.

Underfull \hbox (badness 2635) in paragraph at lines 739--739
[]\T1/futs/b/n/10.95 Table 8.2: |\T1/futs/m/n/10.95 (+20) Driv-ing through top
 []


Overfull \hbox (1.88399pt too wide) in paragraph at lines 721--755
$[]$ $[]$
 []


Overfull \vbox (273.81837pt too high) has occurred while \output is active []


[55 <../Figures/Exploring frequency re-use/excitation_swap.png> <../Figures/Exp
loring frequency re-use/cross-driving_Rabi.png> <../Figures/Exploring frequency
 re-use/cross-driving_setup.jpg>]
<../Figures/Exploring frequency re-use/cross-driving_vs_top_frequency.png, id=2
48, 433.62pt x 361.35pt>
File: ../Figures/Exploring frequency re-use/cross-driving_vs_top_frequency.png 
Graphic file (type png)

<use ../Figures/Exploring frequency re-use/cross-driving_vs_top_frequency.png>
Package pdftex.def Info: ../Figures/Exploring frequency re-use/cross-driving_vs
_top_frequency.png used on input line 763.
(pdftex.def)             Requested size: 203.83417pt x 169.86209pt.

[56 <../Figures/Exploring frequency re-use/cross-driving_vs_top_frequency.png>]
Chapter 9.
[57

]
<../Figures/Randomized benchmarking/Bloch sphere octahedron.png, id=256, 289.08
pt x 289.08pt>
File: ../Figures/Randomized benchmarking/Bloch sphere octahedron.png Graphic fi
le (type png)

<use ../Figures/Randomized benchmarking/Bloch sphere octahedron.png>
Package pdftex.def Info: ../Figures/Randomized benchmarking/Bloch sphere octahe
dron.png used on input line 803.
(pdftex.def)             Requested size: 226.48395pt x 226.48277pt.
LaTeX Font Info:    Try loading font information for OT1+pzc on input line 809.


(c:/texlive/2014/texmf-dist/tex/latex/psnfss/ot1pzc.fd
File: ot1pzc.fd 2001/06/04 font definitions for OT1/pzc.
)
LaTeX Font Info:    Font shape `OT1/pzc/m/it' in size <12> not available
(Font)              Font shape `OT1/pzc/mb/it' tried instead on input line 809.

Package microtype Info: Loading generic settings for font family
(microtype)             `pzc' (encoding: OT1).
(microtype)             For optimal results, create family-specific settings.
(microtype)             See the microtype manual for details.
LaTeX Font Info:    Font shape `OT1/pzc/m/it' in size <9> not available
(Font)              Font shape `OT1/pzc/mb/it' tried instead on input line 809.

LaTeX Font Info:    Font shape `OT1/pzc/m/it' in size <7> not available
(Font)              Font shape `OT1/pzc/mb/it' tried instead on input line 809.

 [58 <../Figures/Randomized benchmarking/Bloch sphere octahedron.png>]
<../Figures/Randomized benchmarking/RB schematic.jpg, id=262, 771.88374pt x 257
.96375pt>
File: ../Figures/Randomized benchmarking/RB schematic.jpg Graphic file (type jp
g)
 <use ../Figures/Randomized benchmarking/RB schematic.jpg>
Package pdftex.def Info: ../Figures/Randomized benchmarking/RB schematic.jpg us
ed on input line 846.
(pdftex.def)             Requested size: 144.94806pt x 48.43892pt.

<../Figures/Randomized benchmarking/RB_single_seed.png, id=263, 433.62pt x 289.
08pt>
File: ../Figures/Randomized benchmarking/RB_single_seed.png Graphic file (type 
png)
 <use ../Figures/Randomized benchmarking/RB_single_seed.png>
Package pdftex.def Info: ../Figures/Randomized benchmarking/RB_single_seed.png 
used on input line 879.
(pdftex.def)             Requested size: 271.7835pt x 181.19945pt.
LaTeX Font Info:    Font shape `OT1/pzc/m/it' in size <10.95> not available
(Font)              Font shape `OT1/pzc/mb/it' tried instead on input line 880.

LaTeX Font Info:    Font shape `OT1/pzc/m/it' in size <8.3> not available
(Font)              Font shape `OT1/pzc/mb/it' tried instead on input line 880.

LaTeX Font Info:    Font shape `OT1/pzc/m/it' in size <6> not available
(Font)              Font shape `OT1/pzc/mb/it' tried instead on input line 880.

 [59 <../Figures/Randomized benchmarking/RB schematic.jpg>]
<../Figures/Randomized benchmarking/RB_normal_driving_single_both.png, id=267, 
722.7pt x 361.35pt>
File: ../Figures/Randomized benchmarking/RB_normal_driving_single_both.png Grap
hic file (type png)

<use ../Figures/Randomized benchmarking/RB_normal_driving_single_both.png>
Package pdftex.def Info: ../Figures/Randomized benchmarking/RB_normal_driving_s
ingle_both.png used on input line 900.
(pdftex.def)             Requested size: 452.9679pt x 226.48279pt.

[60 <../Figures/Randomized benchmarking/RB_single_seed.png>]
<../Figures/Randomized benchmarking/RB_normal_cross-driving.png, id=273, 722.7p
t x 361.35pt>
File: ../Figures/Randomized benchmarking/RB_normal_cross-driving.png Graphic fi
le (type png)

<use ../Figures/Randomized benchmarking/RB_normal_cross-driving.png>
Package pdftex.def Info: ../Figures/Randomized benchmarking/RB_normal_cross-dri
ving.png used on input line 911.
(pdftex.def)             Requested size: 452.9679pt x 226.48279pt.
 [61 <../Figures/Randomized benchmarking/RB_normal_driving_single_both.png>] [6
2 <../Figures/Randomized benchmarking/RB_normal_cross-driving.png>]
<../Figures/Randomized benchmarking/RB_normal_state_populations.png, id=283, 72
2.7pt x 361.35pt>
File: ../Figures/Randomized benchmarking/RB_normal_state_populations.png Graphi
c file (type png)

<use ../Figures/Randomized benchmarking/RB_normal_state_populations.png>
Package pdftex.def Info: ../Figures/Randomized benchmarking/RB_normal_state_pop
ulations.png used on input line 937.
(pdftex.def)             Requested size: 452.9679pt x 226.48279pt.


LaTeX Warning: Reference `ssec:Second-state' on page 63 undefined on input line
 942.

[63]
<../Figures/Randomized benchmarking/alternating RB.jpg, id=287, 4529.92375pt x 
1204.5pt>
File: ../Figures/Randomized benchmarking/alternating RB.jpg Graphic file (type 
jpg)
 <use ../Figures/Randomized benchmarking/alternating RB.jpg>
Package pdftex.def Info: ../Figures/Randomized benchmarking/alternating RB.jpg 
used on input line 967.
(pdftex.def)             Requested size: 452.9679pt x 120.43867pt.
 [64 <../Figures/Randomized benchmarking/RB_normal_state_populations.png>]
<../Figures/Randomized benchmarking/compiled RB.jpg, id=292, 4529.92375pt x 120
4.5pt>
File: ../Figures/Randomized benchmarking/compiled RB.jpg Graphic file (type jpg
)
 <use ../Figures/Randomized benchmarking/compiled RB.jpg>
Package pdftex.def Info: ../Figures/Randomized benchmarking/compiled RB.jpg use
d on input line 980.
(pdftex.def)             Requested size: 452.9679pt x 120.43867pt.
 [65 <../Figures/Randomized benchmarking/alternating RB.jpg> <../Figures/Random
ized benchmarking/compiled RB.jpg>]
<../Figures/Randomized benchmarking/5 primitives RB.jpg, id=296, 4529.92375pt x
 1204.5pt>
File: ../Figures/Randomized benchmarking/5 primitives RB.jpg Graphic file (type
 jpg)
 <use ../Figures/Randomized benchmarking/5 primitives RB.jpg>
Package pdftex.def Info: ../Figures/Randomized benchmarking/5 primitives RB.jpg
 used on input line 996.
(pdftex.def)             Requested size: 452.9679pt x 120.43867pt.

<../Figures/Randomized benchmarking/5 primitive gates.jpg, id=297, 1969.3575pt 
x 284.06125pt>
File: ../Figures/Randomized benchmarking/5 primitive gates.jpg Graphic file (ty
pe jpg)
 <use ../Figures/Randomized benchmarking/5 primitive gates.jpg>
Package pdftex.def Info: ../Figures/Randomized benchmarking/5 primitive gates.j
pg used on input line 1005.
(pdftex.def)             Requested size: 226.48395pt x 32.66418pt.

[66 <../Figures/Randomized benchmarking/5 primitives RB.jpg> <../Figures/Random
ized benchmarking/5 primitive gates.jpg>]
<../Figures/Randomized benchmarking/RB_2Q_state_populations_notable.png, id=302
, 867.24pt x 433.62pt>
File: ../Figures/Randomized benchmarking/RB_2Q_state_populations_notable.png Gr
aphic file (type png)

<use ../Figures/Randomized benchmarking/RB_2Q_state_populations_notable.png>
Package pdftex.def Info: ../Figures/Randomized benchmarking/RB_2Q_state_populat
ions_notable.png used on input line 1023.
(pdftex.def)             Requested size: 452.9679pt x 226.48279pt.

[67]
<../Figures/Randomized benchmarking/RB_2Q_driving_single_vs_both.png, id=306, 7
22.7pt x 361.35pt>
File: ../Figures/Randomized benchmarking/RB_2Q_driving_single_vs_both.png Graph
ic file (type png)

<use ../Figures/Randomized benchmarking/RB_2Q_driving_single_vs_both.png>
Package pdftex.def Info: ../Figures/Randomized benchmarking/RB_2Q_driving_singl
e_vs_both.png used on input line 1049.
(pdftex.def)             Requested size: 452.9679pt x 226.48279pt.

[68 <../Figures/Randomized benchmarking/RB_2Q_state_populations_notable.png>]
<../Figures/Randomized benchmarking/Clifford_comparison.png, id=311, 578.16pt x
 361.35pt>
File: ../Figures/Randomized benchmarking/Clifford_comparison.png Graphic file (
type png)
 <use ../Figures/Randomized benchmarking/Clifford_comparison.png>
Package pdftex.def Info: ../Figures/Randomized benchmarking/Clifford_comparison
.png used on input line 1061.
(pdftex.def)             Requested size: 362.37569pt x 226.48279pt.

[69 <../Figures/Randomized benchmarking/RB_2Q_driving_single_vs_both.png>]
[70 <../Figures/Randomized benchmarking/Clifford_comparison.png>]
Chapter 10.
) [71

] [72


] (./Chapters/appendix.tex (./noise.tex
Appendix A.

LaTeX Warning: Reference `RES-chapter:Resonators' on page 73 undefined on input
 line 19.


LaTeX Warning: Reference `RES-chapter:Resonators' on page 73 undefined on input
 line 21.

<Figures/Noise/thevenin.png, id=327, 495.65175pt x 345.08925pt>
File: Figures/Noise/thevenin.png Graphic file (type png)

<use Figures/Noise/thevenin.png>
Package pdftex.def Info: Figures/Noise/thevenin.png used on input line 31.
(pdftex.def)             Requested size: 194.77287pt x 135.60579pt.

<Figures/Noise/norton.png, id=328, 552.8655pt x 280.6485pt>
File: Figures/Noise/norton.png Graphic file (type png)

<use Figures/Noise/norton.png>
Package pdftex.def Info: Figures/Noise/norton.png used on input line 36.
(pdftex.def)             Requested size: 221.95676pt x 112.6685pt.


LaTeX Warning: `h' float specifier changed to `ht'.

[73

] [74 <./Figures/Noise/thevenin.png> <./Figures/Noise/norton.png>]
<Figures/Noise/Noise model.png, id=335, 1118.9805pt x 420.3705pt>
File: Figures/Noise/Noise model.png Graphic file (type png)

<use Figures/Noise/Noise model.png>
Package pdftex.def Info: Figures/Noise/Noise model.png used on input line 74.
(pdftex.def)             Requested size: 362.37569pt x 136.1313pt.
 [75 <./Figures/Noise/Noise model.png>]
[76] [77]
<Figures/Noise/noise_temperature_versus_power.png, id=346, 433.62pt x 289.08pt>
File: Figures/Noise/noise_temperature_versus_power.png Graphic file (type png)
<use Figures/Noise/noise_temperature_versus_power.png>
Package pdftex.def Info: Figures/Noise/noise_temperature_versus_power.png used 
on input line 188.
(pdftex.def)             Requested size: 317.07614pt x 211.39275pt.
 [78 <./Figures/Noise/noise_temperature_versus_power.png>]
<Figures/Noise/noise_temperature_versus_power_detailed.png, id=352, 433.62pt x 
289.08pt>
File: Figures/Noise/noise_temperature_versus_power_detailed.png Graphic file (t
ype png)
 <use Figures/Noise/noise_temperature_versus_power_detailed.png>
Package pdftex.def Info: Figures/Noise/noise_temperature_versus_power_detailed.
png used on input line 201.
(pdftex.def)             Requested size: 271.7835pt x 181.19945pt.

[79 <./Figures/Noise/noise_temperature_versus_power_detailed.png>]) [80]
Appendix B.
[81

]
Appendix C.
[82

]
Appendix D.

<../Figures/Qubit characterization/Resonator vs DAC linecut.png, id=366, 433.62
pt x 289.08pt>
File: ../Figures/Qubit characterization/Resonator vs DAC linecut.png Graphic fi
le (type png)

<use ../Figures/Qubit characterization/Resonator vs DAC linecut.png>
Package pdftex.def Info: ../Figures/Qubit characterization/Resonator vs DAC lin
ecut.png used on input line 26.
(pdftex.def)             Requested size: 271.7835pt x 181.19945pt.
 [83

]
<../Figures/Clifford decomposition.png, id=370, 683.46771pt x 166.45795pt>
File: ../Figures/Clifford decomposition.png Graphic file (type png)

<use ../Figures/Clifford decomposition.png>
Package pdftex.def Info: ../Figures/Clifford decomposition.png used on input li
ne 57.
(pdftex.def)             Requested size: 452.9679pt x 110.3223pt.
 [84 <../Figures/Qubit characterization/Resonator vs DAC linecut.png>] [85 <../
Figures/Clifford decomposition.png>]
LaTeX Font Info:    Font shape `FMX/futm/m/n' will be
(Font)              scaled to size 15.89755pt on input line 118.
LaTeX Font Info:    Font shape `U/futm/m/n' will be
(Font)              scaled to size 15.89755pt on input line 118.
LaTeX Font Info:    Font shape `OT1/pzc/m/it' in size <17.28> not available
(Font)              Font shape `OT1/pzc/mb/it' tried instead on input line 118.

[86]
Appendix E.
[87

] [88] [89]
Overfull \hbox (138.9551pt too wide) in paragraph at lines 188--192
 [][] 
 []

) (./thesis.bbl [90] [91

]) 
AED: lastpage setting LastPage
[92] (./thesis.aux)

LaTeX Font Warning: Size substitutions with differences
(Font)              up to 2.01195pt have occurred.


LaTeX Warning: There were undefined references.

 ) 
Here is how much of TeX's memory you used:
 17554 strings out of 493109
 345955 string characters out of 6138586
 472536 words of memory out of 5000000
 20339 multiletter control sequences out of 15000+600000
 371683 words of font info for 584 fonts, out of 8000000 for 9000
 1141 hyphenation exceptions out of 8191
 51i,16n,57p,10406b,1274s stack positions out of 5000i,500n,10000p,200000b,80000s
{c:/texlive/2014/texmf-dist/fonts/enc/dvips/base/8r.enc}<c:/texlive/2014/texm
f-dist/fonts/type1/public/fourier/fourier-alt.pfb><c:/texlive/2014/texmf-dist/f
onts/type1/public/fourier/fourier-mex.pfb><c:/texlive/2014/texmf-dist/fonts/typ
e1/public/fourier/fourier-ml.pfb><c:/texlive/2014/texmf-dist/fonts/type1/public
/fourier/fourier-mlit.pfb><c:/texlive/2014/texmf-dist/fonts/type1/public/fourie
r/fourier-mlitb.pfb><c:/texlive/2014/texmf-dist/fonts/type1/public/fourier/four
ier-ms.pfb><c:/texlive/2014/texmf-dist/fonts/type1/adobe/utopia/putb8a.pfb><c:/
texlive/2014/texmf-dist/fonts/type1/adobe/utopia/putbi8a.pfb><c:/texlive/2014/t
exmf-dist/fonts/type1/adobe/utopia/putr8a.pfb><c:/texlive/2014/texmf-dist/fonts
/type1/adobe/utopia/putri8a.pfb><c:/texlive/2014/texmf-dist/fonts/type1/urw/zap
fchan/uzcmi8a.pfb>
Output written on thesis.pdf (93 pages, 24229008 bytes).
PDF statistics:
 444 PDF objects out of 1000 (max. 8388607)
 242 compressed objects within 3 object streams
 0 named destinations out of 1000 (max. 500000)
 89354 words of extra memory for PDF output out of 106986 (max. 10000000)

